  pch.cpp
  bullet.cpp
c:\users\wanioch\documents\github\scharnhorst_server\scharnhorst_server\includes.h(2): fatal error C1083: Cannot open include file: 'SFML/Graphics.hpp': No such file or directory
  client.cpp
c:\users\wanioch\documents\github\scharnhorst_server\scharnhorst_server\client.h(2): fatal error C1083: Cannot open include file: 'SFML/Network.hpp': No such file or directory
  functions.cpp
c:\users\wanioch\documents\github\scharnhorst_server\scharnhorst_server\includes.h(2): fatal error C1083: Cannot open include file: 'SFML/Graphics.hpp': No such file or directory
  movable.cpp
c:\users\wanioch\documents\github\scharnhorst_server\scharnhorst_server\includes.h(2): fatal error C1083: Cannot open include file: 'SFML/Graphics.hpp': No such file or directory
  physical.cpp
c:\users\wanioch\documents\github\scharnhorst_server\scharnhorst_server\includes.h(2): fatal error C1083: Cannot open include file: 'SFML/Graphics.hpp': No such file or directory
  player.cpp
c:\users\wanioch\documents\github\scharnhorst_server\scharnhorst_server\includes.h(2): fatal error C1083: Cannot open include file: 'SFML/Graphics.hpp': No such file or directory
  Scharnhorst_server.cpp
c:\users\wanioch\documents\github\scharnhorst_server\scharnhorst_server\client.h(2): fatal error C1083: Cannot open include file: 'SFML/Network.hpp': No such file or directory
  ship.cpp
c:\users\wanioch\documents\github\scharnhorst_server\scharnhorst_server\includes.h(2): fatal error C1083: Cannot open include file: 'SFML/Graphics.hpp': No such file or directory
  turret.cpp
c:\users\wanioch\documents\github\scharnhorst_server\scharnhorst_server\includes.h(2): fatal error C1083: Cannot open include file: 'SFML/Graphics.hpp': No such file or directory
  Generating Code...
