c:\users\wanioch\documents\github\scharnhorst_server\scharnhorst_server\debug\scharnhorst_server.pch
c:\users\wanioch\documents\github\scharnhorst_server\scharnhorst_server\debug\vc141.pdb
c:\users\wanioch\documents\github\scharnhorst_server\scharnhorst_server\debug\vc141.idb
c:\users\wanioch\documents\github\scharnhorst_server\scharnhorst_server\debug\pch.obj
c:\users\wanioch\documents\github\scharnhorst_server\scharnhorst_server\debug\turret.obj
c:\users\wanioch\documents\github\scharnhorst_server\scharnhorst_server\debug\ship.obj
c:\users\wanioch\documents\github\scharnhorst_server\scharnhorst_server\debug\server.obj
c:\users\wanioch\documents\github\scharnhorst_server\scharnhorst_server\debug\player.obj
c:\users\wanioch\documents\github\scharnhorst_server\scharnhorst_server\debug\physical.obj
c:\users\wanioch\documents\github\scharnhorst_server\scharnhorst_server\debug\movable.obj
c:\users\wanioch\documents\github\scharnhorst_server\scharnhorst_server\debug\functions.obj
c:\users\wanioch\documents\github\scharnhorst_server\scharnhorst_server\debug\client.obj
c:\users\wanioch\documents\github\scharnhorst_server\scharnhorst_server\debug\bullet.obj
c:\users\wanioch\documents\github\scharnhorst_server\scharnhorst_server\debug\scharnhorst_server.obj
c:\users\wanioch\documents\github\scharnhorst_server\debug\scharnhorst_server.pdb
c:\users\wanioch\documents\github\scharnhorst_server\scharnhorst_server\debug\scharnho.b1597c15.tlog\cl.command.1.tlog
c:\users\wanioch\documents\github\scharnhorst_server\scharnhorst_server\debug\scharnho.b1597c15.tlog\cl.read.1.tlog
c:\users\wanioch\documents\github\scharnhorst_server\scharnhorst_server\debug\scharnho.b1597c15.tlog\cl.write.1.tlog
c:\users\wanioch\documents\github\scharnhorst_server\scharnhorst_server\debug\scharnho.b1597c15.tlog\link.5920.read.1.tlog
c:\users\wanioch\documents\github\scharnhorst_server\scharnhorst_server\debug\scharnho.b1597c15.tlog\link.5920.write.1.tlog
c:\users\wanioch\documents\github\scharnhorst_server\scharnhorst_server\debug\scharnho.b1597c15.tlog\link.command.1.tlog
c:\users\wanioch\documents\github\scharnhorst_server\scharnhorst_server\debug\scharnho.b1597c15.tlog\link.read.1.tlog
c:\users\wanioch\documents\github\scharnhorst_server\scharnhorst_server\debug\scharnho.b1597c15.tlog\link.write.1.tlog
