  pch.cpp
  bullet.cpp
c:\users\maciej\documents\github\scharnhorst_server\scharnhorst_server\bullet.cpp(12): warning C4244: "inicjowanie": konwersja z "double" do "float", możliwa utrata danych
  client.cpp
  functions.cpp
  Hitbox.cpp
  movable.cpp
c:\users\maciej\documents\github\scharnhorst_server\scharnhorst_server\movable.cpp(50): warning C4244: "return": konwersja z "double" do "float", możliwa utrata danych
  odcinek.cpp
c:\users\maciej\documents\github\scharnhorst_server\scharnhorst_server\odcinek.cpp(20): warning C4244: "return": konwersja z "double" do "float", możliwa utrata danych
c:\users\maciej\documents\github\scharnhorst_server\scharnhorst_server\odcinek.cpp(96): warning C4244: "=": konwersja z "double" do "float", możliwa utrata danych
  physical.cpp
c:\users\maciej\documents\github\scharnhorst_server\scharnhorst_server\physical.cpp(51): warning C4018: "<": niezgodność typu ze znakiem/bez znaku
  player.cpp
  Scharnhorst_server.cpp
  server.cpp
c:\users\maciej\documents\github\scharnhorst_server\scharnhorst_server\server.cpp(197): error C2039: „ownerId”: Nie jest składową „Bullet”
  c:\users\maciej\documents\github\scharnhorst_server\scharnhorst_server\bullet.h(5): note: zobacz deklarację „Bullet”
  ship.cpp
c:\users\maciej\documents\github\scharnhorst_server\scharnhorst_server\ship.cpp(102): warning C4244: "-=": konwersja z "double" do "float", możliwa utrata danych
c:\users\maciej\documents\github\scharnhorst_server\scharnhorst_server\ship.cpp(106): warning C4244: "+=": konwersja z "double" do "float", możliwa utrata danych
c:\users\maciej\documents\github\scharnhorst_server\scharnhorst_server\ship.cpp(111): warning C4244: "+=": konwersja z "double" do "float", możliwa utrata danych
c:\users\maciej\documents\github\scharnhorst_server\scharnhorst_server\ship.cpp(120): warning C4244: "=": konwersja z "double" do "float", możliwa utrata danych
c:\users\maciej\documents\github\scharnhorst_server\scharnhorst_server\ship.cpp(121): warning C4244: "argument": konwersja z "double" do "float", możliwa utrata danych
c:\users\maciej\documents\github\scharnhorst_server\scharnhorst_server\ship.cpp(122): warning C4244: "argument": konwersja z "double" do "float", możliwa utrata danych
c:\users\maciej\documents\github\scharnhorst_server\scharnhorst_server\ship.cpp(167): warning C4244: "inicjowanie": konwersja z "double" do "float", możliwa utrata danych
c:\users\maciej\documents\github\scharnhorst_server\scharnhorst_server\ship.cpp(168): warning C4244: "argument": konwersja z "double" do "T", możliwa utrata danych
          with
          [
              T=float
          ]
c:\users\maciej\documents\github\scharnhorst_server\scharnhorst_server\ship.cpp(176): warning C4244: "argument": konwersja z "double" do "float", możliwa utrata danych
  turret.cpp
c:\users\maciej\documents\github\scharnhorst_server\scharnhorst_server\turret.cpp(70): warning C4244: "=": konwersja z "float" do "int", możliwa utrata danych
c:\users\maciej\documents\github\scharnhorst_server\scharnhorst_server\turret.cpp(75): warning C4244: "=": konwersja z "float" do "int", możliwa utrata danych
c:\users\maciej\documents\github\scharnhorst_server\scharnhorst_server\turret.cpp(98): warning C4244: "=": konwersja z "float" do "int", możliwa utrata danych
c:\users\maciej\documents\github\scharnhorst_server\scharnhorst_server\turret.cpp(103): warning C4244: "=": konwersja z "float" do "int", możliwa utrata danych
c:\users\maciej\documents\github\scharnhorst_server\scharnhorst_server\turret.cpp(114): warning C4244: "=": konwersja z "float" do "int", możliwa utrata danych
c:\users\maciej\documents\github\scharnhorst_server\scharnhorst_server\turret.cpp(120): warning C4244: "argument": konwersja z "int" do "float", możliwa utrata danych
c:\users\maciej\documents\github\scharnhorst_server\scharnhorst_server\turret.cpp(121): warning C4244: "argument": konwersja z "int" do "float", możliwa utrata danych
c:\users\maciej\documents\github\scharnhorst_server\scharnhorst_server\turret.cpp(206): warning C4244: "+=": konwersja z "float" do "int", możliwa utrata danych
  Generowanie kodu...
